行 30: ｸﾗｽ XMMTLib.XMMR(ｺﾝﾄﾛｰﾙ XMMR) はﾛｰﾄﾞされていません。
行 42: ｸﾗｽ XMMTLib.XMMBtn(ｺﾝﾄﾛｰﾙ BtnM4) はﾛｰﾄﾞされていません。
行 65: ｸﾗｽ XMMTLib.XMMBtn(ｺﾝﾄﾛｰﾙ BtnM3) はﾛｰﾄﾞされていません。
行 88: ｸﾗｽ XMMTLib.XMMBtn(ｺﾝﾄﾛｰﾙ BtnM2) はﾛｰﾄﾞされていません。
行 111: ｸﾗｽ XMMTLib.XMMBtn(ｺﾝﾄﾛｰﾙ BtnM1) はﾛｰﾄﾞされていません。
行 143: ｸﾗｽ XMMTLib.XMMBtn(ｺﾝﾄﾛｰﾙ BtnAFC) はﾛｰﾄﾞされていません。
行 165: ｸﾗｽ XMMTLib.XMMBtn(ｺﾝﾄﾛｰﾙ BtnNET) はﾛｰﾄﾞされていません。
行 187: ｸﾗｽ XMMTLib.XMMBtn(ｺﾝﾄﾛｰﾙ BtnATC) はﾛｰﾄﾞされていません。
行 209: ｸﾗｽ XMMTLib.XMMBtn(ｺﾝﾄﾛｰﾙ BtnBPF) はﾛｰﾄﾞされていません。
行 231: ｸﾗｽ XMMTLib.XMMBtn(ｺﾝﾄﾛｰﾙ BtnLMS) はﾛｰﾄﾞされていません。
行 253: ｸﾗｽ XMMTLib.XMMBtn(ｺﾝﾄﾛｰﾙ BtnSQ) はﾛｰﾄﾞされていません。
行 275: ｸﾗｽ XMMTLib.XMMBtn(ｺﾝﾄﾛｰﾙ BtnHAM) はﾛｰﾄﾞされていません。
行 298: ｸﾗｽ XMMTLib.XMMBtn(ｺﾝﾄﾛｰﾙ BtnRev) はﾛｰﾄﾞされていません。
行 320: ｸﾗｽ XMMTLib.XMMBtn(ｺﾝﾄﾛｰﾙ BtnType) はﾛｰﾄﾞされていません。
行 343: ｸﾗｽ XMMTLib.XMMBtn(ｺﾝﾄﾛｰﾙ BtnUOS) はﾛｰﾄﾞされていません。
行 365: ｸﾗｽ XMMTLib.XMMLvl(ｺﾝﾄﾛｰﾙ Level) はﾛｰﾄﾞされていません。
行 377: ｸﾗｽ XMMTLib.XMMWater(ｺﾝﾄﾛｰﾙ WaterFall) はﾛｰﾄﾞされていません。
行 391: ｸﾗｽ XMMTLib.XMMSpec(ｺﾝﾄﾛｰﾙ Spectram) はﾛｰﾄﾞされていません。
行 414: ｸﾗｽ XMMTLib.XMMXY(ｺﾝﾄﾛｰﾙ XyScope) はﾛｰﾄﾞされていません。
行 426: ｸﾗｽ XMMTLib.XMMBtn(ｺﾝﾄﾛｰﾙ BtnTxOff) はﾛｰﾄﾞされていません。
行 449: ｸﾗｽ XMMTLib.XMMBtn(ｺﾝﾄﾛｰﾙ BtnTx) はﾛｰﾄﾞされていません。
